[    0.000000] Initializing cgroup subsys cpuset
[    0.000000] Initializing cgroup subsys cpu
[    0.000000] Initializing cgroup subsys cpuacct
[    0.000000] Linux version 4.4.0-77-generic (buildd@lgw01-53) (gcc version 5.4.0 20160609 (Ubuntu 5.4.0-6ubuntu1~16.04.4) ) #98-Ubuntu SMP Wed Apr 26 08:33:44 UTC 2017 (Ubuntu 4.4.0-77.98-generic 4.4.59)
[    0.000000] KERNEL supported cpus:
[    0.000000]   Intel GenuineIntel
[    0.000000]   AMD AuthenticAMD
[    0.000000]   NSC Geode by NSC
[    0.000000]   Cyrix CyrixInstead
[    0.000000]   Centaur CentaurHauls
[    0.000000]   Transmeta GenuineTMx86
[    0.000000]   Transmeta TransmetaCPU
[    0.000000]   UMC UMC UMC UMC
[    0.000000] x86/fpu: Legacy x87 FPU detected.
[    0.000000] x86/fpu: Using 'lazy' FPU context switches.
[    0.000000] e820: BIOS-provided physical RAM map:
[    0.000000] BIOS-e820: [mem 0x0000000000000000-0x000000000009fbff] usable
[    0.000000] BIOS-e820: [mem 0x000000000009fc00-0x000000000009ffff] reserved
[    0.000000] BIOS-e820: [mem 0x00000000000f0000-0x00000000000fffff] reserved
[    0.000000] BIOS-e820: [mem 0x0000000000100000-0x000000003ffeffff] usable
[    0.000000] BIOS-e820: [mem 0x000000003fff0000-0x000000003fffffff] ACPI data
[    0.000000] BIOS-e820: [mem 0x00000000fec00000-0x00000000fec00fff] reserved
[    0.000000] BIOS-e820: [mem 0x00000000fee00000-0x00000000fee00fff] reserved
[    0.000000] BIOS-e820: [mem 0x00000000fffc0000-0x00000000ffffffff] reserved
[    0.000000] NX (Execute Disable) protection: active
[    0.000000] SMBIOS 2.5 present.
[    0.000000] Hypervisor detected: KVM
[    0.000000] e820: last_pfn = 0x3fff0 max_arch_pfn = 0x1000000
[    0.000000] MTRR: Disabled
[    0.000000] x86/PAT: MTRRs disabled, skipping PAT initialization too.
[    0.000000] x86/PAT: Configuration [0-7]: WB  WT  UC- UC  WB  WT  UC- UC  
[    0.000000] CPU MTRRs all blank - virtualized system.
[    0.000000] found SMP MP-table at [mem 0x0009fff0-0x0009ffff] mapped at [c009fff0]
[    0.000000] Scanning 1 areas for low memory corruption
[    0.000000] RAMDISK: [mem 0x36ac2000-0x37558fff]
[    0.000000] ACPI: Early table checksum verification disabled
[    0.000000] ACPI: RSDP 0x00000000000E0000 000024 (v02 VBOX  )
[    0.000000] ACPI: XSDT 0x000000003FFF0030 00003C (v01 VBOX   VBOXXSDT 00000001 ASL  00000061)
[    0.000000] ACPI: FACP 0x000000003FFF00F0 0000F4 (v04 VBOX   VBOXFACP 00000001 ASL  00000061)
[    0.000000] ACPI: DSDT 0x000000003FFF0470 0021C8 (v02 VBOX   VBOXBIOS 00000002 INTL 20100528)
[    0.000000] ACPI: FACS 0x000000003FFF0200 000040
[    0.000000] ACPI: FACS 0x000000003FFF0200 000040
[    0.000000] ACPI: APIC 0x000000003FFF0240 00005C (v02 VBOX   VBOXAPIC 00000001 ASL  00000061)
[    0.000000] ACPI: SSDT 0x000000003FFF02A0 0001CC (v01 VBOX   VBOXCPUT 00000002 INTL 20100528)
[    0.000000] 131MB HIGHMEM available.
[    0.000000] 891MB LOWMEM available.
[    0.000000]   mapped low ram: 0 - 37bfe000
[    0.000000]   low ram: 0 - 37bfe000
[    0.000000] kvm-clock: Using msrs 4b564d01 and 4b564d00
[    0.000000] kvm-clock: cpu 0, msr 0:37bfd001, primary cpu clock
[    0.000000] kvm-clock: using sched offset of 6563244400 cycles
[    0.000000] clocksource: kvm-clock: mask: 0xffffffffffffffff max_cycles: 0x1cd42e4dffb, max_idle_ns: 881590591483 ns
[    0.000000] Zone ranges:
[    0.000000]   DMA      [mem 0x0000000000001000-0x0000000000ffffff]
[    0.000000]   Normal   [mem 0x0000000001000000-0x0000000037bfdfff]
[    0.000000]   HighMem  [mem 0x0000000037bfe000-0x000000003ffeffff]
[    0.000000] Movable zone start for each node
[    0.000000] Early memory node ranges
[    0.000000]   node   0: [mem 0x0000000000001000-0x000000000009efff]
[    0.000000]   node   0: [mem 0x0000000000100000-0x000000003ffeffff]
[    0.000000] Initmem setup node 0 [mem 0x0000000000001000-0x000000003ffeffff]
[    0.000000] Using APIC driver default
[    0.000000] ACPI: PM-Timer IO Port: 0x4008
[    0.000000] IOAPIC[0]: apic_id 2, version 32, address 0xfec00000, GSI 0-23
[    0.000000] ACPI: INT_SRC_OVR (bus 0 bus_irq 0 global_irq 2 dfl dfl)
[    0.000000] ACPI: INT_SRC_OVR (bus 0 bus_irq 9 global_irq 9 high level)
[    0.000000] Using ACPI (MADT) for SMP configuration information
[    0.000000] smpboot: Allowing 2 CPUs, 0 hotplug CPUs
[    0.000000] PM: Registered nosave memory: [mem 0x00000000-0x00000fff]
[    0.000000] PM: Registered nosave memory: [mem 0x0009f000-0x0009ffff]
[    0.000000] PM: Registered nosave memory: [mem 0x000a0000-0x000effff]
[    0.000000] PM: Registered nosave memory: [mem 0x000f0000-0x000fffff]
[    0.000000] e820: [mem 0x40000000-0xfebfffff] available for PCI devices
[    0.000000] Booting paravirtualized kernel on KVM
[    0.000000] clocksource: refined-jiffies: mask: 0xffffffff max_cycles: 0xffffffff, max_idle_ns: 7645519600211568 ns
[    0.000000] setup_percpu: NR_CPUS:8 nr_cpumask_bits:8 nr_cpu_ids:2 nr_node_ids:1
[    0.000000] PERCPU: Embedded 19 pages/cpu @f76b0000 s47436 r0 d30388 u77824
[    0.000000] PV qspinlock hash table entries: 512 (order: 0, 4096 bytes)
[    0.000000] Built 1 zonelists in Zone order, mobility grouping on.  Total pages: 259800
[    0.000000] Kernel command line: BOOT_IMAGE=/boot/vmlinuz-4.4.0-77-generic root=LABEL=cloudimg-rootfs ro console=tty1 console=ttyS0
[    0.000000] PID hash table entries: 4096 (order: 2, 16384 bytes)
[    0.000000] Dentry cache hash table entries: 131072 (order: 7, 524288 bytes)
[    0.000000] Inode-cache hash table entries: 65536 (order: 6, 262144 bytes)
[    0.000000] Initializing CPU#0
[    0.000000] Initializing HighMem for node 0 (00037bfe:0003fff0)
[    0.000000] Initializing Movable for node 0 (00000000:00000000)
[    0.000000] Memory: 1012124K/1048120K available (7928K kernel code, 770K rwdata, 3164K rodata, 940K init, 800K bss, 35996K reserved, 0K cma-reserved, 135112K highmem)
[    0.000000] virtual kernel memory layout:
[    0.000000]     fixmap  : 0xfff15000 - 0xfffff000   ( 936 kB)
[    0.000000]     pkmap   : 0xffc00000 - 0xffe00000   (2048 kB)
[    0.000000]     vmalloc : 0xf83fe000 - 0xffbfe000   ( 120 MB)
[    0.000000]     lowmem  : 0xc0000000 - 0xf7bfe000   ( 891 MB)
[    0.000000]       .init : 0xc1b99000 - 0xc1c84000   ( 940 kB)
[    0.000000]       .data : 0xc17be50b - 0xc1b97b40   (3941 kB)
[    0.000000]       .text : 0xc1000000 - 0xc17be50b   (7929 kB)
[    0.000000] Checking if this processor honours the WP bit even in supervisor mode...Ok.
[    0.000000] SLUB: HWalign=64, Order=0-3, MinObjects=0, CPUs=2, Nodes=1
[    0.000000] Hierarchical RCU implementation.
[    0.000000] 	Build-time adjustment of leaf fanout to 32.
[    0.000000] 	RCU restricting CPUs from NR_CPUS=8 to nr_cpu_ids=2.
[    0.000000] RCU: Adjusting geometry for rcu_fanout_leaf=32, nr_cpu_ids=2
[    0.000000] NR_IRQS:2304 nr_irqs:440 16
[    0.000000] Console: colour VGA+ 80x25
[    0.000000] console [tty1] enabled
[    0.000000] console [ttyS0] enabled
[    0.000000] allocated 1048576 bytes of page_ext
[    0.000000] tsc: Detected 2388.002 MHz processor
[    2.481607] Calibrating delay loop (skipped) preset value.. 4776.00 BogoMIPS (lpj=9552008)
[    2.487908] pid_max: default: 32768 minimum: 301
[    2.491563] ACPI: Core revision 20150930
[    2.498104] ACPI: 2 ACPI AML tables successfully acquired and loaded
[    2.503252] Security Framework initialized
[    2.506420] Yama: becoming mindful.
[    2.512371] AppArmor: AppArmor initialized
[    2.515748] Mount-cache hash table entries: 2048 (order: 1, 8192 bytes)
[    2.518614] Mountpoint-cache hash table entries: 2048 (order: 1, 8192 bytes)
[    2.522317] Initializing cgroup subsys io
[    2.525383] Initializing cgroup subsys memory
[    2.528891] Initializing cgroup subsys devices
[    2.532686] Initializing cgroup subsys freezer
[    2.536633] Initializing cgroup subsys net_cls
[    2.540407] Initializing cgroup subsys perf_event
[    2.548869] Initializing cgroup subsys net_prio
[    2.554041] Initializing cgroup subsys hugetlb
[    2.557537] Initializing cgroup subsys pids
[    2.561300] CPU: Physical Processor ID: 0
[    2.564800] CPU: Processor Core ID: 0
[    2.567791] mce: CPU supports 0 MCE banks
[    2.580760] Last level iTLB entries: 4KB 128, 2MB 4, 4MB 4
[    2.719971] Last level dTLB entries: 4KB 256, 2MB 0, 4MB 32, 1GB 0
[    2.899812] Freeing SMP alternatives memory: 28K (c1c84000 - c1c8b000)
[    3.054974] ftrace: allocating 31398 entries in 62 pages
[    3.359855] smpboot: APIC(0) Converting physical 0 to logical package 0
[    3.370050] smpboot: Max logical packages: 1
[    3.373650] Enabling APIC mode:  Flat.  Using 1 I/O APICs
[    3.384977] ..TIMER: vector=0x30 apic1=0 pin1=2 apic2=-1 pin2=-1
[    3.528840] APIC calibration not consistent with PM-Timer: 131ms instead of 100ms
[    3.551378] APIC delta adjusted to PM-Timer: 6277726 (8282666)
[    3.560275] smpboot: CPU0: Intel(R) Core(TM)2 Duo CPU     P8600  @ 2.40GHz (family: 0x6, model: 0x17, stepping: 0x6)
[    3.701329] Performance Events: unsupported p6 CPU model 23 no PMU driver, software events only.
[    3.713751] KVM setup paravirtual spinlock
[    3.720878] x86: Booting SMP configuration:
[    3.726541] .... node  #0, CPUs:      #1
[1266874883.146307] Initializing CPU#1
[    3.730206] kvm-clock: cpu 1, msr 0:37bfd041, secondary cpu clock
[    3.733306] mce: CPU supports 0 MCE banks
[    3.739153] x86: Booted up 1 node, 2 CPUs
[    3.746287] smpboot: Total of 2 processors activated (9552.00 BogoMIPS)
[    3.753513] devtmpfs: initialized
[    3.755714] evm: security.selinux
[    3.759083] evm: security.SMACK64
[    3.760867] evm: security.SMACK64EXEC
[    3.762909] evm: security.SMACK64TRANSMUTE
[    3.767172] evm: security.SMACK64MMAP
[    3.769095] evm: security.ima
[    3.770789] evm: security.capability
[    3.773107] clocksource: jiffies: mask: 0xffffffff max_cycles: 0xffffffff, max_idle_ns: 7645041785100000 ns
[    3.778838] futex hash table entries: 512 (order: 3, 32768 bytes)
[    3.789652] pinctrl core: initialized pinctrl subsystem
[    3.792366] RTC time: 14:51:55, date: 05/09/17
[    3.795166] NET: Registered protocol family 16
[    3.800300] EISA bus registered
[    3.818690] cpuidle: using governor ladder
[    3.873690] cpuidle: using governor menu
[    3.989329] PCCT header not found.
[    4.104948] ACPI: bus type PCI registered
[    4.206321] acpiphp: ACPI Hot Plug PCI Controller Driver version: 0.5
[    4.221086] PCI : PCI BIOS area is rw and x. Use pci=nobios if you want it NX.
[    4.236748] PCI: PCI BIOS revision 2.10 entry at 0xfda26, last bus=0
[    4.242410] PCI: Using configuration type 1 for base access
[    4.272988] ACPI: Added _OSI(Module Device)
[    4.279668] ACPI: Added _OSI(Processor Device)
[    4.281842] ACPI: Added _OSI(3.0 _SCP Extensions)
[    4.284196] ACPI: Added _OSI(Processor Aggregator Device)
[    4.288148] ACPI: Executed 1 blocks of module-level executable AML code
[    4.298437] ACPI: Interpreter enabled
[    4.303613] ACPI: (supports S0 S5)
[    4.305448] ACPI: Using IOAPIC for interrupt routing
[    4.308159] PCI: Using host bridge windows from ACPI; if necessary, use "pci=nocrs" and report a bug
[    4.342844] ACPI: PCI Root Bridge [PCI0] (domain 0000 [bus 00-ff])
[    4.542064] acpi PNP0A03:00: _OSC: OS supports [ASPM ClockPM Segments MSI]
[    4.768928] acpi PNP0A03:00: _OSC failed (AE_NOT_FOUND); disabling ASPM
[    4.797761] acpi PNP0A03:00: fail to add MMCONFIG information, can't access extended PCI configuration space under this bridge.
[    4.888776] PCI host bridge to bus 0000:00
[    4.963368] pci_bus 0000:00: root bus resource [io  0x0000-0x0cf7 window]
[    4.968866] pci_bus 0000:00: root bus resource [io  0x0d00-0xffff window]
[    4.973883] pci_bus 0000:00: root bus resource [mem 0x000a0000-0x000bffff window]
[    4.980145] pci_bus 0000:00: root bus resource [mem 0x40000000-0xffdfffff window]
[    4.986174] pci_bus 0000:00: root bus resource [bus 00-ff]
[    4.994334] pci 0000:00:01.1: legacy IDE quirk: reg 0x10: [io  0x01f0-0x01f7]
[    5.010324] pci 0000:00:01.1: legacy IDE quirk: reg 0x14: [io  0x03f6]
[    5.020483] pci 0000:00:01.1: legacy IDE quirk: reg 0x18: [io  0x0170-0x0177]
[    5.028401] pci 0000:00:01.1: legacy IDE quirk: reg 0x1c: [io  0x0376]
[    5.221878] pci 0000:00:07.0: quirk: [io  0x4000-0x403f] claimed by PIIX4 ACPI
[    5.341954] pci 0000:00:07.0: quirk: [io  0x4100-0x410f] claimed by PIIX4 SMB
[    5.379967] ACPI: PCI Interrupt Link [LNKA] (IRQs 5 9 10 *11)
[    5.387686] ACPI: PCI Interrupt Link [LNKB] (IRQs 5 9 10 *11)
[    5.393400] ACPI: PCI Interrupt Link [LNKC] (IRQs 5 9 *10 11)
[    5.405599] ACPI: PCI Interrupt Link [LNKD] (IRQs 5 *9 10 11)
[    5.413994] ACPI: Enabled 2 GPEs in block 00 to 07
[    5.418400] vgaarb: setting as boot device: PCI:0000:00:02.0
[    5.432214] vgaarb: device added: PCI:0000:00:02.0,decodes=io+mem,owns=io+mem,locks=none
[    5.436748] vgaarb: loaded
[    5.438357] vgaarb: bridge control possible 0000:00:02.0
[    5.441853] SCSI subsystem initialized
[    5.459926] ACPI: bus type USB registered
[    5.525177] usbcore: registered new interface driver usbfs
[    5.690701] usbcore: registered new interface driver hub
[    5.847968] usbcore: registered new device driver usb
[    5.857319] PCI: Using ACPI for IRQ routing
[    5.864768] NetLabel: Initializing
[    5.879044] NetLabel:  domain hash size = 128
[    5.882750] NetLabel:  protocols = UNLABELED CIPSOv4
[    5.887197] NetLabel:  unlabeled traffic allowed by default
[    5.905614] amd_nb: Cannot enumerate AMD northbridges
[    5.911378] clocksource: Switched to clocksource kvm-clock
[    5.935953] AppArmor: AppArmor Filesystem Enabled
[    5.945369] pnp: PnP ACPI init
[    5.949206] pnp: PnP ACPI: found 3 devices
[    5.964762] PnPBIOS: Disabled by ACPI PNP
[    6.169698] PM-Timer running at invalid rate: 122% of normal - aborting.
[    6.224348] NET: Registered protocol family 2
[    6.231046] TCP established hash table entries: 8192 (order: 3, 32768 bytes)
[    6.236786] TCP bind hash table entries: 8192 (order: 4, 65536 bytes)
[    6.241730] TCP: Hash tables configured (established 8192 bind 8192)
[    6.246884] UDP hash table entries: 512 (order: 2, 16384 bytes)
[    6.252704] UDP-Lite hash table entries: 512 (order: 2, 16384 bytes)
[    6.258184] NET: Registered protocol family 1
[    6.263129] pci 0000:00:00.0: Limiting direct PCI/PCI transfers
[    6.283060] pci 0000:00:01.0: Activating ISA DMA hang workarounds
[    6.312902] Unpacking initramfs...
[   10.869972] Freeing initrd memory: 10844K (f6ac2000 - f7559000)
[   10.879100] platform rtc_cmos: registered platform RTC device (no PNP device found)
[   10.885868] Scanning for low memory corruption every 60 seconds
[   10.891014] audit: initializing netlink subsys (disabled)
[   10.897851] audit: type=2000 audit(1494341525.358:1): initialized
[   10.903719] Initialise system trusted keyring
[   10.925676] HugeTLB registered 2 MB page size, pre-allocated 0 pages
[   10.934040] zbud: loaded
[   10.936601] VFS: Disk quotas dquot_6.6.0
[   10.960017] VFS: Dquot-cache hash table entries: 1024 (order 0, 4096 bytes)
[   10.965513] squashfs: version 4.0 (2009/01/31) Phillip Lougher
[   10.970333] fuse init (API version 7.23)
[   10.991535] Key type big_key registered
[   11.122433] Allocating IMA MOK and blacklist keyrings.
[   11.130326] Key type asymmetric registered
[   11.134114] Asymmetric key parser 'x509' registered
[   11.137176] bounce: pool size: 64 pages
[   11.139887] Block layer SCSI generic (bsg) driver version 0.4 loaded (major 249)
[   11.144087] io scheduler noop registered
[   11.153916] io scheduler deadline registered (default)
[   11.176191] io scheduler cfq registered
[   11.196849] pci_hotplug: PCI Hot Plug PCI Core version: 0.5
[   11.215999] pciehp: PCI Express Hot Plug Controller Driver version: 0.4
[   11.219685] ACPI: AC Adapter [AC] (on-line)
[   11.229065] input: Power Button as /devices/LNXSYSTM:00/LNXPWRBN:00/input/input0
[   11.235605] ACPI: Power Button [PWRF]
[   11.240585] input: Sleep Button as /devices/LNXSYSTM:00/LNXSLPBN:00/input/input1
[   11.376623] ACPI: Sleep Button [SLPF]
[   11.380180] GHES: HEST is not enabled!
[   11.388599] isapnp: Scanning for PnP cards...
[   11.400803] ACPI: Battery Slot [BAT0] (battery present)
[   11.400997] Serial: 8250/16550 driver, 32 ports, IRQ sharing enabled
[   11.429479] 00:02: ttyS0 at I/O 0x3f8 (irq = 4, base_baud = 115200) is a 16550A
[   11.469118] Linux agpgart interface v0.103
[   11.505776] loop: module loaded
[   11.740435] scsi host0: ata_piix
[   11.753543] scsi host1: ata_piix
[   11.756134] ata1: PATA max UDMA/33 cmd 0x1f0 ctl 0x3f6 bmdma 0xd000 irq 14
[   11.759146] ata2: PATA max UDMA/33 cmd 0x170 ctl 0x376 bmdma 0xd008 irq 15
[   11.768275] libphy: Fixed MDIO Bus: probed
[   11.771772] tun: Universal TUN/TAP device driver, 1.6
[   11.775552] tun: (C) 1999-2004 Max Krasnyansky <maxk@qualcomm.com>
[   11.780178] PPP generic driver version 2.4.2
[   11.821210] ehci_hcd: USB 2.0 'Enhanced' Host Controller (EHCI) Driver
[   11.847669] ehci-pci: EHCI PCI platform driver
[   11.869366] ehci-platform: EHCI generic platform driver
[   12.131735] clocksource: tsc: mask: 0xffffffffffffffff max_cycles: 0x226bf153331, max_idle_ns: 440795226260 ns
[   12.143869] ohci_hcd: USB 1.1 'Open' Host Controller (OHCI) Driver
[   12.148989] ohci-pci: OHCI PCI platform driver
[   12.152653] ohci-platform: OHCI generic platform driver
[   12.155449] uhci_hcd: USB Universal Host Controller Interface driver
[   12.181075] i8042: PNP: PS/2 Controller [PNP0303:PS2K,PNP0f03:PS2M] at 0x60,0x64 irq 1,12
[   12.191509] isapnp: No Plug & Play device found
[   12.197401] serio: i8042 KBD port at 0x60,0x64 irq 1
[   12.199813] serio: i8042 AUX port at 0x60,0x64 irq 12
[   12.202439] mousedev: PS/2 mouse device common for all mice
[   12.214893] input: AT Translated Set 2 keyboard as /devices/platform/i8042/serio0/input/input2
[   12.223311] rtc_cmos rtc_cmos: rtc core: registered rtc_cmos as rtc0
[   12.429861] rtc_cmos rtc_cmos: alarms up to one day, 114 bytes nvram
[   12.650228] i2c /dev entries driver
[   12.698481] device-mapper: uevent: version 1.0.3
[   12.703177] device-mapper: ioctl: 4.34.0-ioctl (2015-10-28) initialised: dm-devel@redhat.com
[   12.711291] platform eisa.0: Probing EISA bus 0
[   12.720839] platform eisa.0: EISA: Cannot allocate resource for mainboard
[   12.731297] platform eisa.0: Cannot allocate resource for EISA slot 1
[   12.736531] platform eisa.0: Cannot allocate resource for EISA slot 2
[   12.742420] platform eisa.0: Cannot allocate resource for EISA slot 3
[   12.749268] platform eisa.0: Cannot allocate resource for EISA slot 4
[   12.754754] platform eisa.0: Cannot allocate resource for EISA slot 5
[   12.759736] platform eisa.0: Cannot allocate resource for EISA slot 6
[   12.764751] platform eisa.0: Cannot allocate resource for EISA slot 7
[   12.769406] platform eisa.0: Cannot allocate resource for EISA slot 8
[   12.774106] platform eisa.0: EISA: Detected 0 cards
[   12.777839] cpufreq-nforce2: No nForce2 chipset.
[   12.781408] ledtrig-cpu: registered to indicate activity on CPUs
[   12.792727] NET: Registered protocol family 10
[   12.796135] NET: Registered protocol family 17
[   12.803073] Key type dns_resolver registered
[   12.810977] microcode: CPU0 sig=0x10676, pf=0x40, revision=0x60b
[   12.835789] microcode: CPU1 sig=0x10676, pf=0x40, revision=0x60b
[   12.856225] microcode: Microcode Update Driver: v2.01 <tigran@aivazian.fsnet.co.uk>, Peter Oruba
[   12.862815] Using IPI No-Shortcut mode
[   12.869700] registered taskstats version 1
[   12.909232] Loading compiled-in X.509 certificates
[   13.119772] Loaded X.509 cert 'Build time autogenerated kernel key: 42ed22459aa700f8082e342aa29c56ea5a58936f'
[   13.142441] zswap: loaded using pool lzo/zbud
[   13.160442] Key type trusted registered
[   13.194003] Key type encrypted registered
[   13.213350] AppArmor: AppArmor sha1 policy hashing enabled
[   13.216298] ima: No TPM chip found, activating TPM-bypass!
[   13.218852] evm: HMAC attrs: 0x1
[   13.221548]   Magic number: 1:493:889
[   13.223744] rtc_cmos rtc_cmos: setting system clock to 2017-05-09 14:52:04 UTC (1494341524)
[   13.232216] BIOS EDD facility v0.16 2004-Jun-25, 0 devices found
[   13.240882] EDD information not available.
[   13.315286] Freeing unused kernel memory: 940K (c1b99000 - c1c84000)
[   13.670474] Write protecting the kernel text: 7932k
[   13.680638] Write protecting the kernel read-only data: 3168k
[   13.683382] NX-protecting the kernel data: 6404k
Loading, please wait...
starting version 229
[   13.969053] random: systemd-udevd: uninitialized urandom read (16 bytes read, 1 bits of entropy available)
[   13.985504] random: systemd-udevd: uninitialized urandom read (16 bytes read, 1 bits of entropy available)
[   14.015723] random: systemd-udevd: uninitialized urandom read (16 bytes read, 1 bits of entropy available)
[   14.043552] random: udevadm: uninitialized urandom read (16 bytes read, 1 bits of entropy available)
[   14.051868] random: udevadm: uninitialized urandom read (16 bytes read, 1 bits of entropy available)
[   14.060107] random: udevadm: uninitialized urandom read (16 bytes read, 1 bits of entropy available)
[   14.087966] random: udevadm: uninitialized urandom read (16 bytes read, 1 bits of entropy available)
[   14.108012] random: udevadm: uninitialized urandom read (16 bytes read, 1 bits of entropy available)
[   14.115607] random: udevadm: uninitialized urandom read (16 bytes read, 1 bits of entropy available)
[   14.160056] random: udevadm: uninitialized urandom read (16 bytes read, 1 bits of entropy available)
[   15.057115] Fusion MPT base driver 3.04.20
[   15.061068] Copyright (c) 1999-2008 LSI Corporation
[   15.076045] e1000: Intel(R) PRO/1000 Network Driver - version 7.3.21-k8-NAPI
[   15.093231] e1000: Copyright (c) 1999-2006 Intel Corporation.
[   15.500553] Fusion MPT SPI Host driver 3.04.20
[   15.784028] input: ImExPS/2 Generic Explorer Mouse as /devices/platform/i8042/serio1/input/input4
[   16.530905] e1000 0000:00:03.0 eth0: (PCI:33MHz:32-bit) 02:bf:2e:be:5a:58
[   16.536864] e1000 0000:00:03.0 eth0: Intel(R) PRO/1000 Network Connection
[   16.561765] e1000 0000:00:03.0 enp0s3: renamed from eth0
[   16.569512] mptbase: ioc0: Initiating bringup
[   16.647939] ioc0: LSI53C1030 A0: Capabilities={Initiator}
[   16.865172] scsi host2: ioc0: LSI53C1030 A0, FwRev=00000000h, Ports=1, MaxQ=256, IRQ=20
[   17.000827] scsi 2:0:0:0: Direct-Access     VBOX     HARDDISK         1.0  PQ: 0 ANSI: 5
[   17.005160] scsi target2:0:0: Beginning Domain Validation
[   17.015164] scsi target2:0:0: Domain Validation skipping write tests
[   17.034989] scsi target2:0:0: Ending Domain Validation
[   17.052919] scsi target2:0:0: asynchronous
[   17.059413] scsi 2:0:1:0: Direct-Access     VBOX     HARDDISK         1.0  PQ: 0 ANSI: 5
[   17.073325] scsi target2:0:1: Beginning Domain Validation
[   17.081000] scsi target2:0:1: Domain Validation skipping write tests
[   17.087403] scsi target2:0:1: Ending Domain Validation
[   17.096497] scsi target2:0:1: asynchronous
[   17.121776] sd 2:0:0:0: [sda] 20971520 512-byte logical blocks: (10.7 GB/10.0 GiB)
[   17.128455] sd 2:0:0:0: [sda] Write Protect is off
[   17.262370] sd 2:0:0:0: Attached scsi generic sg0 type 0
[   17.394303] sd 2:0:1:0: Attached scsi generic sg1 type 0
[   17.399847] sd 2:0:1:0: [sdb] 20480 512-byte logical blocks: (10.5 MB/10.0 MiB)
[   17.412851] sd 2:0:0:0: [sda] Incomplete mode parameter data
[   17.415799] sd 2:0:0:0: [sda] Assuming drive cache: write through
[   17.423460] sd 2:0:1:0: [sdb] Write Protect is off
[   17.423626] sd 2:0:1:0: [sdb] Incomplete mode parameter data
[   17.423627] sd 2:0:1:0: [sdb] Assuming drive cache: write through
[   17.433438] sd 2:0:1:0: [sdb] Attached SCSI disk
[   17.477937]  sda: sda1
[   17.483556] sd 2:0:0:0: [sda] Attached SCSI disk
[   18.311930] floppy0: no floppy controllers found
Begin: Loading essential drivers ... [   21.592125] md: linear personality registered for level -1
[   21.728187] md: multipath personality registered for level -4
[   21.866422] md: raid0 personality registered for level 0
[   21.964786] md: raid1 personality registered for level 1
[   22.231614] raid6: mmxx1    gen()  2363 MB/s
[   22.312106] raid6: mmxx2    gen()  1289 MB/s
[   22.386189] raid6: sse1x1   gen()   939 MB/s
[   22.463812] raid6: sse1x2   gen()  2354 MB/s
[   22.539540] raid6: sse2x1   gen()  3379 MB/s
[   22.620622] raid6: sse2x1   xor()  4251 MB/s
[   22.691486] raid6: sse2x2   gen()  3164 MB/s
[   22.764039] raid6: sse2x2   xor()  4395 MB/s
[   22.781902] raid6: using algorithm sse2x1 gen() 3379 MB/s
[   22.786505] raid6: .... xor() 4251 MB/s, rmw enabled
[   22.790383] raid6: using ssse3x1 recovery algorithm
[   22.821908] xor: measuring software checksum speed
[   22.890416]    pIII_sse  :  9296.000 MB/sec
[   22.946641]    prefetch64-sse: 15330.000 MB/sec
[   22.949297] xor: using function: prefetch64-sse (15330.000 MB/sec)
[   22.972418] async_tx: api initialized (async)
[   23.171124] md: raid6 personality registered for level 6
[   23.179227] md: raid5 personality registered for level 5
[   23.187430] md: raid4 personality registered for level 4
[   23.319074] md: raid10 personality registered for level 10
done.
Begin: Running /scripts/init-premount ... done.
Begin: Mounting root file system ... Begin: Running /scripts/local-top ... done.
Begin: Running /scripts/local-premount ... [   23.777009] Btrfs loaded
Scanning for Btrfs filesystems
done.
Warning: fsck not present, so skipping root file[   24.478483] EXT4-fs (sda1): mounted filesystem with ordered data mode. Opts: (null)
 system
done.
Begin: Running /scripts/local-bottom ... done.
Begin: Running /scripts/init-bottom ... done.
[   25.222022] random: nonblocking pool is initialized
[   25.528303] systemd[1]: systemd 229 running in system mode. (+PAM +AUDIT +SELINUX +IMA +APPARMOR +SMACK +SYSVINIT +UTMP +LIBCRYPTSETUP +GCRYPT +GNUTLS +ACL +XZ -LZ4 +SECCOMP +BLKID +ELFUTILS +KMOD -IDN)
[   25.648129] systemd[1]: Detected virtualization oracle.
[   25.655883] systemd[1]: Detected architecture x86.

Welcome to [1mUbuntu 16.04.2 LTS[0m!

[   25.792459] systemd[1]: Set hostname to <ubuntu>.
[   25.801574] systemd[1]: Initializing machine ID from random generator.
[   25.812647] systemd[1]: Installed transient /etc/machine-id file.
[   27.556929] systemd[1]: Listening on Device-mapper event daemon FIFOs.
[[0;32m  OK  [0m] Listening on Device-mapper event daemon FIFOs.
[   27.568861] systemd[1]: Listening on LVM2 poll daemon socket.
[[0;32m  OK  [0m] Listening on LVM2 poll daemon socket.
[   27.577465] systemd[1]: Started Trigger resolvconf update for networkd DNS.
[[0;32m  OK  [0m] Started Trigger resolvconf update for networkd DNS.
[   27.587679] systemd[1]: Listening on udev Kernel Socket.
[[0;32m  OK  [0m] Listening on udev Kernel Socket.
[   27.595959] systemd[1]: Started Forward Password Requests to Wall Directory Watch.
[[0;32m  OK  [0m] Started Forward Password Requests to Wall Directory Watch.
[   27.606595] systemd[1]: Reached target Encrypted Volumes.
[[0;32m  OK  [0m] Reached target Encrypted Volumes.
[   27.615204] systemd[1]: Reached target User and Group Name Lookups.
[[0;32m  OK  [0m] Reached target User and Group Name Lookups.
[   27.625657] systemd[1]: Created slice System Slice.
[[0;32m  OK  [0m] Created slice System Slice.
[   27.649600] systemd[1]: Created slice system-serial\x2dgetty.slice.
[[0;32m  OK  [0m] Created slice system-serial\x2dgetty.slice.
[   27.657482] systemd[1]: Listening on LVM2 metadata daemon socket.
[[0;32m  OK  [0m] Listening on LVM2 metadata daemon socket.
[   27.788884] systemd[1]: Created slice User and Session Slice.
[[0;32m  OK  [0m] Created slice User and Session Slice.
[   27.806965] systemd[1]: Reached target Slices.
[[0;32m  OK  [0m] Reached target Slices.
[   27.816017] systemd[1]: Reached target Swap.
[[0;32m  OK  [0m] Reached target Swap.
[   27.827795] systemd[1]: Listening on Journal Socket (/dev/log).
[[0;32m  OK  [0m] Listening on Journal Socket (/dev/log).
[   27.842837] systemd[1]: Listening on udev Control Socket.
[[0;32m  OK  [0m] Listening on udev Control Socket.
[   27.849575] systemd[1]: Listening on Journal Audit Socket.
[[0;32m  OK  [0m] Listening on Journal Audit Socket.
[   27.862870] systemd[1]: Set up automount Arbitrary Executable File Formats File System Automount Point.
[[0;32m  OK  [0m] Set up automount Arbitrary Executab...ats File System Automount Point.
[   27.872797] systemd[1]: Listening on /dev/initctl Compatibility Named Pipe.
[[0;32m  OK  [0m] Listening on /dev/initctl Compatibility Named Pipe.
[   27.887177] systemd[1]: Listening on Syslog Socket.
[[0;32m  OK  [0m] Listening on Syslog Socket.
[   27.892646] systemd[1]: Listening on Journal Socket.
[[0;32m  OK  [0m] Listening on Journal Socket.
[   27.920168] systemd[1]: Mounting Huge Pages File System...
         Mounting Huge Pages File System...
[   28.097210] systemd[1]: Starting Journal Service...
         Starting Journal Service...
[   28.450349] systemd[1]: Starting Nameserver information manager...
         Starting Nameserver information manager...
[   28.529296] systemd[1]: Starting Remount Root and Kernel File Systems...
         Starting Remount Root and Kernel File Systems...
[   28.635432] systemd[1]: Starting Set console keymap...
         Starting Set console keymap...
[   28.697899] EXT4-fs (sda1): re-mounted. Opts: (null)
[   28.705501] systemd[1]: Starting Monitoring of LVM2 mirrors, snapshots etc. using dmeventd or progress polling...
         Starting Monitoring of LVM2 mirrors... dmeventd or progress polling...
[   28.858626] systemd[1]: Starting Uncomplicated firewall...
         Starting Uncomplicated firewall...
[   28.981742] systemd[1]: Starting Load Kernel Modules...
         Starting Load Kernel Modules...
[   29.148391] systemd[1]: Mounting Debug File System...
         Mounting Debug File System...
[   29.355741] systemd[1]: Starting Create list of required static device nodes for the current kernel...
         Starting Create list of required st... nodes for the current kernel...
[   29.517154] systemd[1]: Mounting POSIX Message Queue File System...
[   29.558604] Loading iSCSI transport class v2.0-870.
         Mounting POSIX Message Queue File System...
[   29.738843] systemd[1]: Mounted POSIX Message Queue File System.
[   29.745004] iscsi: registered transport (tcp)
[[0;32m  OK  [0m] Mounted POSIX Message Queue File System.
[   29.765570] systemd[1]: Mounted Debug File System.
[[0;32m  OK  [0m] Mounted Debug File System.
[   29.796162] systemd[1]: Mounted Huge Pages File System.
[[0;32m  OK  [0m] Mounted Huge Pages File System.
[   30.038957] systemd[1]: Started Journal Service.
[[0;32m  OK  [0m] Started Journal Service.
[[0;32m  OK  [0m] Started Remount Root and Kernel File Systems.
[[0;32m  OK  [0m] Started Set console keymap.
[[0;32m  OK  [0m] Started Uncomplicated firewall.
[[0;32m  OK  [0m] Started Create list of required sta...ce nodes for the current kernel.
[[0;32m  OK  [0m] Started Nameserver information manager.
[   30.765278] iscsi: registered transport (iser)
[[0;32m  OK  [0m] Started Load Kernel Modules.
         Mounting FUSE Control File System...
         Starting Apply Kernel Variables...
[[0;32m  OK  [0m] Started LVM2 metadata daemon.
         Starting Create Static Device Nodes in /dev...
         Starting Load/Save Random Seed...
         Starting Initial cloud-init job (pre-networking)...
         Starting udev Coldplug all Devices...
         Starting Flush Journal to Persistent Storage...
[[0;32m  OK  [0m] Mounted FUSE Control File System.
[[0;32m  OK  [0m] Started Apply Kernel Variables.
[[0;32m  OK  [0m] Started Create Static Device Nodes in /dev.
[[0;32m  OK  [0m] Started Load/Save Random Seed.
[[0;32m  OK  [0m] Started Monitoring of LVM2 mirrors,...ng dmeventd or progress polling.
         Starting udev Kernel Device Manager...
[[0;32m  OK  [0m] Started Flush Journal to Persistent Storage.
[[0;32m  OK  [0m] Started udev Kernel Device Manager.
[[0;32m  OK  [0m] Started udev Coldplug all Devices.
[[0;32m  OK  [0m] Reached target Local File Systems (Pre).
[[0;32m  OK  [0m] Reached target Local File Systems.
         Starting Set console font and keymap...
         Starting Commit a transient machine-id on disk...
         Starting Tell Plymouth To Write Out Runtime Data...
         Starting Create Volatile Files and Directories...
         Starting LSB: AppArmor initialization...
[[0;32m  OK  [0m] Started Dispatch Password Requests to Console Directory Watch.
[[0;32m  OK  [0m] Started Tell Plymouth To Write Out Runtime Data.
[[0;32m  OK  [0m] Started Commit a transient machine-id on disk.
[[0;32m  OK  [0m] Started Create Volatile Files and Directories.
[[0;32m  OK  [0m] Reached target System Time Synchronized.
         Starting Update UTMP about System Boot/Shutdown...
[[0;32m  OK  [0m] Started Update UTMP about System Boot/Shutdown.
[[0;32m  OK  [0m] Found device /dev/ttyS0.
[[0;32m  OK  [0m] Started Set console font and keymap.
[[0;32m  OK  [0m] Created slice system-getty.slice.
[[0;32m  OK  [0m] Listening on Load/Save RF Kill Switch Status /dev/rfkill Watch.
[[0;32m  OK  [0m] Started LSB: AppArmor initialization.
[   43.488903] cloud-init[437]: Cloud-init v. 0.7.9 running 'init-local' at Tue, 09 May 2017 14:52:33 +0000. Up 37.17 seconds.
[[0;32m  OK  [0m] Started Initial cloud-init job (pre-networking).
[[0;32m  OK  [0m] Reached target Network (Pre).
         Starting Raise network interfaces...
[[0;32m  OK  [0m] Started Raise network interfaces.
         Starting Initial cloud-init job (metadata service crawler)...
[[0;32m  OK  [0m] Reached target Network.
[   57.903176] cloud-init[911]: Cloud-init v. 0.7.9 running 'init' at Tue, 09 May 2017 14:52:47 +0000. Up 51.15 seconds.
[   57.928733] cloud-init[911]: ci-info: +++++++++++++++++++++++++++++++++++++Net device info++++++++++++++++++++++++++++++++++++++
[   57.940086] cloud-init[911]: ci-info: +--------+------+----------------------------+---------------+-------+-------------------+
[   57.952404] cloud-init[911]: ci-info: | Device |  Up  |          Address           |      Mask     | Scope |     Hw-Address    |
[   58.011579] cloud-init[911]: ci-info: +--------+------+----------------------------+---------------+-------+-------------------+
[   58.253392] [[0;32m  OK  [0m] Started Initial cloud-init job (metadata service crawler).
cloud-init[911]: ci-info: |   lo   | True |         127.0.0.1          |   255.0.0.0   |   .   |         .         |
[   58.268665] cloud-init[911]: ci-info: |   lo   | True |          ::1/128           |       .       |  host |         .         |
[[0;32m  OK  [0m] Reached target Cloud-config availability.[   58.285876] cloud-init[911]: ci-info: | enp0s3 | True |         10.0.2.15          | 255.255.255.0 |   .   | 02:bf:2e:be:5a:58 |
[   58.289718] cloud-init[911]: ci-info: | enp0s3 | True | fe80::bf:2eff:febe:5a58/64 |       .       |  link | 02:bf:2e:be:5a:58 |
[   58.289866] cloud-init[911]: ci-info: +--------+------+----------------------------+---------------+-------+-------------------+
[   58.289945] cloud-init[911]: ci-info: +++++++++++++++++++++++++++Route IPv4 info++++++++++++++++++++++++++++
[   58.290021] cloud-init[911]: ci-info: +-------+-------------+----------+---------------+-----------+-------+
[   58.290098] cloud-init[911]: ci-info: | Route | Destination | Gateway  |    Genmask    | Interface | Flags |
[   58.290217] cloud-init[911]: ci-info: +-------+-------------+----------+---------------+-----------+-------+
[   58.290297] cloud-init[911]: ci-info: |   0   |   0.0.0.0   | 10.0.2.2 |    0.0.0.0    |   enp0s3  |   UG  |
[   58.290376] cloud-init[911]: ci-info: |   1   |   10.0.2.0  | 0.0.0.0  | 255.255.255.0 |   enp0s3  |   U   |
[   58.290452] cloud-init[911]: ci-info: +-------+-------------+----------+---------------+-----------+-------+
[   58.290527] cloud-init[911]: Generating public/private rsa key pair.
[   58.290602] cloud-init[911]: Your identification has been saved in /etc/ssh/ssh_host_rsa_key.
[   58.291115] cloud-init[911]: Your public key has been saved in /etc/ssh/ssh_host_rsa_key.pub.
[   58.291254] cloud-init[911]: The key fingerprint is:
[   58.291334] cloud-init[911]: SHA256:JtflHM9rZ0ol9l8ojQ4J2MNiIhb4qjzrl8OWBr93Umc root@ubuntu-xenial
[   58.291413] cloud-init[911]: The key's randomart image is:
[   58.291646] cloud-init[911]: +---[RSA 2048]----+
[   58.291788] cloud-init[911]: |                 |
[   58.291888] cloud-init[911]: | .               |
[   58.291964] cloud-init[911]: |. .         o    |
[   58.292039] cloud-init[911]: | . .   + . + +   |
[   58.292115] cloud-init[911]: |  + . = S . o = .|
[   58.292205] cloud-init[911]: | + . o * E . + * |
[   58.292339] cloud-init[911]: |. + o . o o o * =|
[   58.292418] cloud-init[911]: |o. X o .   o + +o|
[   58.292493] cloud-init[911]: |o+*.+ o     . . .|
[   58.292627] cloud-init[911]: +----[SHA256]-----+
[   58.292716] cloud-init[911]: Generating public/private dsa key pair.
[   58.292793] cloud-init[911]: Your identification has been saved in /etc/ssh/ssh_host_dsa_key.
[   58.292869] cloud-init[911]: Your public key has been saved in /etc/ssh/ssh_host_dsa_key.pub.
[   58.292958] cloud-init[911]: The key fingerprint is:
[   58.293034] cloud-init[911]: SHA256:w7l6ySAfodU5nR4ggMc3tJ4f0oOOkFR1MFlVLvFMv2c root@ubuntu-xenial
[   58.293111] cloud-init[911]: The key's randomart image is:
[   58.293245] cloud-init[911]: +---[DSA 1024]----+
[   58.293335] cloud-init[911]: |   oo+=+o.o.o    |
[   58.293410] cloud-init[911]: |  ..o =+.  * .   |
[   58.293486] cloud-init[911]: |  .. ..+ +..+ .  |
[   58.293560] cloud-init[911]: | . . .o=+.+.   . |
[   58.293648] cloud-init[911]: |  o  o=.So .  . E|
[   58.293723] cloud-init[911]: |   .oooo =.    o |
[   58.293797] cloud-init[911]: |    .o.+o.       |
[   58.293872] cloud-init[911]: |      ..+        |
[   58.294003] cloud-init[911]: |      ..         |
[   58.294080] cloud-init[911]: +----[SHA256]-----+
[   58.294154] cloud-init[911]: Generating public/private ecdsa key pair.
[   58.294229] cloud-init[911]: Your identification has been saved in /etc/ssh/ssh_host_ecdsa_key.
[   58.294319] cloud-init[911]: Your public key has been saved in /etc/ssh/ssh_host_ecdsa_key.pub.
[   58.294396] cloud-init[911]: The key fingerprint is:
[   58.294471] cloud-init[911]: SHA256:GkdPDHhwvXAHxSPoUUBpbCuJY20F97oXlm8jHwi4Mdo root@ubuntu-xenial
[   58.294547] cloud-init[911]: The key's randomart image is:
[   58.294635] cloud-init[911]: +---[ECDSA 256]---+
[   58.294712] cloud-init[911]: |      o***o+.    |
[   58.294788] cloud-init[911]: |      .o@++ +    |
[   58.294863] cloud-init[911]: |     o B.=++ .   |
[   58.295005] cloud-init[911]: |    + =oo+..     |
[   58.295083] cloud-init[911]: |   . o=.S =      |
[[0;32m  OK  [0m] Reached target System Initialization.

[   59.504520] cloud-init[911]: |     o B + +     |
         Starting LXD - unix socket.
[   59.509156] cloud-init[911]: |    . E . + =    |
[   59.520400] cloud-init[911]: |         . + o   |
[   59.521063] cloud-init[911]: |            .    |
[   59.521146] cloud-init[911]: +----[SHA256]-----+
[   59.521225] cloud-init[911]: Generating public/private ed25519 key pair.
[   59.521303] cloud-init[911]: Your identification has been saved in /etc/ssh/ssh_host_ed25519_key.
[   59.521383] cloud-init[911]: Your public key has been saved in /etc/ssh/ssh_host_ed25519_key.pub.
[   59.521460] cloud-init[911]: The key fingerprint is:
[   59.521537] cloud-init[911]: SHA256:oITrijhlY3HvZbK1IIUjQnjWDUBo5VoJ9+sbuQZAH+w root@ubuntu-xenial
[   59.521680] cloud-init[911]: The key's randomart image is:
[   59.521758] cloud-init[911]: +--[ED25519 256]--+
[   59.521835] cloud-init[911]: |.+==.o           |
[   59.521913] cloud-init[911]: |o+*++ .          |
[   59.521990] cloud-init[911]: |+o++oo.          |
[   59.522067] cloud-init[911]: |..=E+.o.         |
[   59.522190] cloud-init[911]: | oo+.=  S        |
[   59.522270] cloud-init[911]: | .=.o = +        |
[   59.522346] cloud-init[911]: | +...* B .       |
[   59.522422] cloud-init[911]: |+.   .* .        |
[   59.522498] cloud-init[911]: |+.  .o           |
[   59.522622] cloud-init[911]: +----[SHA256]-----+
[[0;32m  OK  [0m] Started ACPI Events Check.
[[0;32m  OK  [0m] Reached target Paths.
         Starting Socket activation for snappy daemon.
[[0;32m  OK  [0m] Listening on D-Bus System Message Bus Socket.
[[0;32m  OK  [0m] Listening on UUID daemon activation socket.
[[0;32m  OK  [0m] Listening on ACPID Listen Socket.
[[0;32m  OK  [0m] Started Daily Cleanup of Temporary Directories.
[[0;32m  OK  [0m] Started Daily apt activities.
[[0;32m  OK  [0m] Started Timer to automatically refresh installed snaps.
[[0;32m  OK  [0m] Reached target Timers.
[[0;32m  OK  [0m] Reached target Network is Online.
         Starting iSCSI initiator daemon (iscsid)...
[[0;32m  OK  [0m] Listening on LXD - unix socket.
[[0;32m  OK  [0m] Listening on Socket activation for snappy daemon.
[[0;32m  OK  [0m] Started iSCSI initiator daemon (iscsid).
         Starting Login to default iSCSI targets...
[[0;32m  OK  [0m] Reached target Sockets.
[[0;32m  OK  [0m] Reached target Basic System.
         Starting System Logging Service...
         Starting /etc/rc.local Compatibility...
[[0;32m  OK  [0m] Started ACPI event daemon.
[[0;32m  OK  [0m] Started D-Bus System Message Bus.
         Starting Login Service...
[[0;32m  OK  [0m] Started Deferred execution scheduler.
         Starting Apply the settings specified in cloud-config...
         Starting LSB: Record successful boot for GRUB...
         Starting LSB: MD monitoring daemon...
[[0;32m  OK  [0m] Started Snappy daemon.
         Starting Auto import assertions from block devices...
         Starting Pollinate to seed the pseudo random number generator...
[[0;32m  OK  [0m] Started FUSE filesystem for LXC.
[[0;32m  OK  [0m] Started Unattended Upgrades Shutdown.
         Starting Accounts Service...
[[0;32m  OK  [0m] Started Regular background program processing daemon.
         Starting LXD - container startup/shutdown...
[[0;32m  OK  [0m] Started System Logging Service.
[[0;32m  OK  [0m] Started /etc/rc.local Compatibility.
[[0;32m  OK  [0m] Started Auto import assertions from block devices.
[[0;32m  OK  [0m] Started Login Service.
[[0;32m  OK  [0m] Started Login to default iSCSI targets.
[[0;32m  OK  [0m] Reached target Remote File Systems (Pre).
[[0;32m  OK  [0m] Reached target Remote File Systems.
         Starting LSB: VirtualBox Linux Additions...
         Starting LSB: automatic crash report generation...
         Starting LSB: daemon to balance interrupts for SMP systems...
         Starting LSB: Set the CPU Frequency Scaling governor to "ondemand"...
         Starting Permit User Sessions...
[[0;32m  OK  [0m] Started LSB: Record successful boot for GRUB.
[[0;32m  OK  [0m] Started LSB: MD monitoring daemon.
[[0;32m  OK  [0m] Started LXD - container startup/shutdown.
[[0;32m  OK  [0m] Started Permit User Sessions.
         Starting Terminate Plymouth Boot Screen...
         Starting Hold until boot process finishes up...
         Starting Authenticate and Authorize Users to Run Privileged Tasks...
[[0;32m  OK  [0m] Started Terminate Plymouth Boot Screen.
[[0;32m  OK  [0m] Started Hold until boot process finishes up.
[[0;32m  OK  [0m] Started Serial Getty on ttyS0.
         Starting Set console scheme...
[[0;32m  OK  [0m] Started Getty on tty1.
[[0;32m  OK  [0m] Reached target Login Prompts.
[[0;32m  OK  [0m] Started LSB: automatic crash report generation.
[[0;32m  OK  [0m] Started LSB: Set the CPU Frequency Scaling governor to "ondemand".
[[0;32m  OK  [0m] Started Set console scheme.
[[0;32m  OK  [0m] Started LSB: daemon to balance interrupts for SMP systems.
[[0;32m  OK  [0m] Started Authenticate and Authorize Users to Run Privileged Tasks.
[[0;32m  OK  [0m] Started Accounts Service.
[[0;32m  OK  [0m] Started LSB: VirtualBox Linux Additions.
[   70.735432] cloud-init[1033]: Generating locales (this might take a while)...
[[0;32m  OK  [0m] Started Pollinate to seed the pseudo random number generator.
         Starting OpenBSD Secure Shell server...
[[0;32m  OK  [0m] Started OpenBSD Secure Shell server.
[[0;32m  OK  [0m] Reached target Multi-User System.
[[0;32m  OK  [0m] Reached target Graphical Interface.
         Starting Update UTMP about System Runlevel Changes...
[[0;32m  OK  [0m] Started Update UTMP about System Runlevel Changes.

Ubuntu 16.04.2 LTS ubuntu-xenial ttyS0

ubuntu-xenial login: [   77.445894] cloud-init[1033]:   en_US.UTF-8... done
[   77.456103] cloud-init[1033]: Generation complete.
[   81.195568] cloud-init[1033]: Cloud-init v. 0.7.9 running 'modules:config' at Tue, 09 May 2017 14:53:06 +0000. Up 69.67 seconds.
ci-info: no authorized ssh keys fingerprints found for user ubuntu.
<14>May  9 14:53:22 ec2: 
<14>May  9 14:53:22 ec2: #############################################################
<14>May  9 14:53:22 ec2: -----BEGIN SSH HOST KEY FINGERPRINTS-----
<14>May  9 14:53:22 ec2: 1024 SHA256:w7l6ySAfodU5nR4ggMc3tJ4f0oOOkFR1MFlVLvFMv2c root@ubuntu-xenial (DSA)
<14>May  9 14:53:22 ec2: 256 SHA256:GkdPDHhwvXAHxSPoUUBpbCuJY20F97oXlm8jHwi4Mdo root@ubuntu-xenial (ECDSA)
<14>May  9 14:53:22 ec2: 256 SHA256:oITrijhlY3HvZbK1IIUjQnjWDUBo5VoJ9+sbuQZAH+w root@ubuntu-xenial (ED25519)
<14>May  9 14:53:22 ec2: 2048 SHA256:JtflHM9rZ0ol9l8ojQ4J2MNiIhb4qjzrl8OWBr93Umc root@ubuntu-xenial (RSA)
<14>May  9 14:53:22 ec2: -----END SSH HOST KEY FINGERPRINTS-----
<14>May  9 14:53:22 ec2: #############################################################
-----BEGIN SSH HOST KEY KEYS-----
ecdsa-sha2-nistp256 AAAAE2VjZHNhLXNoYTItbmlzdHAyNTYAAAAIbmlzdHAyNTYAAABBBKFouiJcOokh3gFcNlsd9vAxoDvsHQu9uTlOX6Rt/sBdf6iWZe+8XdkdanIE0otHOmb5Sf84k+pj/bqUO+5RarE= root@ubuntu-xenial
ssh-ed25519 AAAAC3NzaC1lZDI1NTE5AAAAIDaTjYZIkLsJBYNJtdQm7BomhyQXu3hvVt1drZAQQfji root@ubuntu-xenial
ssh-rsa AAAAB3NzaC1yc2EAAAADAQABAAABAQDGgLo55jFBgyHziJMpfMROjPRH00QbnYu2fFY7xzDujKa0OIlfi3vR/OZ9gzn8Sd34CXE44IZg7tHvP0GWxbyqf9lMtMZ8XgO36jaK/sZGSXhwBLesdKVprolQosIbHiumRtL9eqbBctNZbIk25/qc5eR8LnY5P1T+z6CO/BaPASpwOd6gF7IXI/id2Hn6s1QhJOdZ4q3jv1OJlqtH86reMx2xAFmKfTeSr6jDdCZXWCUBveDhI326D955uGlbUDIuyWwYns2q63iiGbNIeV99jQnZiDltaZx2hd18HBMk65gIvVCXJruo7GCmh33zomowJWvgSPUrbfRNjkXKIccH root@ubuntu-xenial
-----END SSH HOST KEY KEYS-----
[   86.217465] cloud-init[1335]: Cloud-init v. 0.7.9 running 'modules:final' at Tue, 09 May 2017 14:53:21 +0000. Up 84.61 seconds.
[   86.218043] cloud-init[1335]: ci-info: no authorized ssh keys fingerprints found for user ubuntu.
[   86.218671] cloud-init[1335]: Cloud-init v. 0.7.9 finished at Tue, 09 May 2017 14:53:22 +0000. Datasource DataSourceNoCloud [seed=/dev/sdb][dsmode=net].  Up 86.08 seconds
